#
# There is insufficient memory for the Java Runtime Environment to continue.
# Native memory allocation (malloc) failed to allocate 1729936 bytes for Chunk::new
# Possible reasons:
#   The system is out of physical RAM or swap space
#   The process is running with CompressedOops enabled, and the Java Heap may be blocking the growth of the native heap
# Possible solutions:
#   Reduce memory load on the system
#   Increase physical memory or swap space
#   Check if swap backing store is full
#   Decrease Java heap size (-Xmx/-Xms)
#   Decrease number of Java threads
#   Decrease Java thread stack sizes (-Xss)
#   Set larger code cache with -XX:ReservedCodeCacheSize=
#   JVM is running with Unscaled Compressed Oops mode in which the Java heap is
#     placed in the first 4GB address space. The Java Heap base address is the
#     maximum limit for the native heap growth. Please use -XX:HeapBaseMinAddress
#     to set the Java Heap base and to place the Java Heap above 4GB virtual address.
# This output file may be truncated or incomplete.
#
#  Out of Memory Error (./src/hotspot/share/memory/arena.cpp:197), pid=10288, tid=16792
#
# JRE version: OpenJDK Runtime Environment (11.0.12+7) (build 11.0.12+7-b1504.28-7817840)
# Java VM: OpenJDK 64-Bit Server VM (11.0.12+7-b1504.28-7817840, mixed mode, tiered, compressed oops, g1 gc, windows-amd64)
# No core dump will be written. Minidumps are not enabled by default on client versions of Windows
#

---------------  S U M M A R Y ------------

Command Line: org.jetbrains.kotlin.cli.jvm.K2JVMCompiler @C:\Users\johny\AndroidStudioProjects\MyApplication2\app\build\20230901_16696062948466440183.compiler.options

Host: Intel(R) Core(TM) i5-6300U CPU @ 2.40GHz, 4 cores, 3G,  Windows 10 , 64 bit Build 19041 (10.0.19041.1889)
Time: Fri Sep  1 20:07:29 2023 Middle East Daylight Time elapsed time: 36.711843 seconds (0d 0h 0m 36s)

---------------  T H R E A D  ---------------

Current thread (0x0000020f5696d800):  JavaThread "C2 CompilerThread1" daemon [_thread_in_native, id=16792, stack(0x000000b795700000,0x000000b795800000)]


Current CompileTask:
C2:  36712 9461       4       org.jetbrains.kotlin.metadata.ProtoBuf$Function::isInitialized (251 bytes)

Stack: [0x000000b795700000,0x000000b795800000]
Native frames: (J=compiled Java code, j=interpreted, Vv=VM code, C=native code)
V  [jvm.dll+0x5fbcea]
V  [jvm.dll+0x731905]
V  [jvm.dll+0x732f1d]
V  [jvm.dll+0x7335d3]
V  [jvm.dll+0x247bf8]
V  [jvm.dll+0xc018c]
V  [jvm.dll+0xc06cc]
V  [jvm.dll+0x35b2db]
V  [jvm.dll+0x328803]
V  [jvm.dll+0x327cfa]
V  [jvm.dll+0x200602]
V  [jvm.dll+0x1ff794]
V  [jvm.dll+0x18868c]
V  [jvm.dll+0x20e0d7]
V  [jvm.dll+0x20c901]
V  [jvm.dll+0x6f9b7f]
V  [jvm.dll+0x6f26a5]
V  [jvm.dll+0x5fabf6]
C  [ucrtbase.dll+0x21bb2]
C  [KERNEL32.DLL+0x17034]
C  [ntdll.dll+0x52651]


---------------  P R O C E S S  ---------------

Threads class SMR info:
_java_thread_list=0x0000020f53eabf50, length=11, elements={
0x0000020f3ba2d800, 0x0000020f53744800, 0x0000020f53768000, 0x0000020f53797800,
0x0000020f5379b800, 0x0000020f5379d000, 0x0000020f537e3800, 0x0000020f537e6000,
0x0000020f53918800, 0x0000020f53a4c000, 0x0000020f5696d800
}

Java Threads: ( => current thread )
  0x0000020f3ba2d800 JavaThread "main" [_thread_in_Java, id=6212, stack(0x000000b795a00000,0x000000b795b00000)]
  0x0000020f53744800 JavaThread "Reference Handler" daemon [_thread_blocked, id=14420, stack(0x000000b796100000,0x000000b796200000)]
  0x0000020f53768000 JavaThread "Finalizer" daemon [_thread_blocked, id=17004, stack(0x000000b796200000,0x000000b796300000)]
  0x0000020f53797800 JavaThread "Signal Dispatcher" daemon [_thread_blocked, id=12544, stack(0x000000b796300000,0x000000b796400000)]
  0x0000020f5379b800 JavaThread "Attach Listener" daemon [_thread_blocked, id=17296, stack(0x000000b796400000,0x000000b796500000)]
  0x0000020f5379d000 JavaThread "Service Thread" daemon [_thread_blocked, id=13248, stack(0x000000b796500000,0x000000b796600000)]
  0x0000020f537e3800 JavaThread "C2 CompilerThread0" daemon [_thread_in_native, id=14024, stack(0x000000b796600000,0x000000b796700000)]
  0x0000020f537e6000 JavaThread "C1 CompilerThread0" daemon [_thread_blocked, id=8668, stack(0x000000b796700000,0x000000b796800000)]
  0x0000020f53918800 JavaThread "Sweeper thread" daemon [_thread_blocked, id=7436, stack(0x000000b796800000,0x000000b796900000)]
  0x0000020f53a4c000 JavaThread "Common-Cleaner" daemon [_thread_blocked, id=2660, stack(0x000000b796a00000,0x000000b796b00000)]
=>0x0000020f5696d800 JavaThread "C2 CompilerThread1" daemon [_thread_in_native, id=16792, stack(0x000000b795700000,0x000000b795800000)]

Other Threads:
  0x0000020f53740000 VMThread "VM Thread" [stack: 0x000000b796000000,0x000000b796100000] [id=10628]
  0x0000020f53a3f000 WatcherThread [stack: 0x000000b796900000,0x000000b796a00000] [id=2084]
  0x0000020f3ba46000 GCTaskThread "GC Thread#0" [stack: 0x000000b795b00000,0x000000b795c00000] [id=1916]
  0x0000020f53e09800 GCTaskThread "GC Thread#1" [stack: 0x000000b796b00000,0x000000b796c00000] [id=11516]
  0x0000020f3ba60000 ConcurrentGCThread "G1 Main Marker" [stack: 0x000000b795c00000,0x000000b795d00000] [id=13720]
  0x0000020f3ba61000 ConcurrentGCThread "G1 Conc#0" [stack: 0x000000b795d00000,0x000000b795e00000] [id=15000]
  0x0000020f3baba000 ConcurrentGCThread "G1 Refine#0" [stack: 0x000000b795e00000,0x000000b795f00000] [id=15812]
  0x0000020f57f40800 ConcurrentGCThread "G1 Refine#1" [stack: 0x000000b796c00000,0x000000b796d00000] [id=5964]
  0x0000020f3babb800 ConcurrentGCThread "G1 Young RemSet Sampling" [stack: 0x000000b795f00000,0x000000b796000000] [id=2824]

Threads with active compile tasks:
C2 CompilerThread0  36786 9523       4       org.jetbrains.kotlin.resolve.calls.tower.NoExplicitReceiverScopeTowerProcessor::simpleProcess (947 bytes)
C2 CompilerThread1  36786 9461       4       org.jetbrains.kotlin.metadata.ProtoBuf$Function::isInitialized (251 bytes)

VM state:not at safepoint (normal execution)

VM Mutex/Monitor currently owned by a thread: None

Heap address: 0x00000000c1200000, size: 1006 MB, Compressed Oops mode: 32-bit
Narrow klass base: 0x0000000000000000, Narrow klass shift: 3
Compressed class space size: 1073741824 Address: 0x0000000100000000

Heap:
 garbage-first heap   total 114688K, used 76956K [0x00000000c1200000, 0x0000000100000000)
  region size 1024K, 20 young (20480K), 3 survivors (3072K)
 Metaspace       used 66637K, capacity 67492K, committed 67712K, reserved 1110016K
  class space    used 7456K, capacity 7801K, committed 7808K, reserved 1048576K
Heap Regions: E=young(eden), S=young(survivor), O=old, HS=humongous(starts), HC=humongous(continues), CS=collection set, F=free, A=archive, TAMS=top-at-mark-start (previous, next)
|   0|0x00000000c1200000, 0x00000000c1300000, 0x00000000c1300000|100%|HS|  |TAMS 0x00000000c1300000, 0x00000000c1200000| Complete 
|   1|0x00000000c1300000, 0x00000000c1400000, 0x00000000c1400000|100%|HC|  |TAMS 0x00000000c1400000, 0x00000000c1300000| Complete 
|   2|0x00000000c1400000, 0x00000000c1500000, 0x00000000c1500000|100%|HC|  |TAMS 0x00000000c1500000, 0x00000000c1400000| Complete 
|   3|0x00000000c1500000, 0x00000000c1600000, 0x00000000c1600000|100%| O|  |TAMS 0x00000000c1600000, 0x00000000c1500000| Untracked 
|   4|0x00000000c1600000, 0x00000000c1700000, 0x00000000c1700000|100%| O|  |TAMS 0x00000000c1700000, 0x00000000c1600000| Untracked 
|   5|0x00000000c1700000, 0x00000000c1800000, 0x00000000c1800000|100%| O|  |TAMS 0x00000000c1800000, 0x00000000c1700000| Untracked 
|   6|0x00000000c1800000, 0x00000000c1900000, 0x00000000c1900000|100%| O|  |TAMS 0x00000000c1900000, 0x00000000c1800000| Untracked 
|   7|0x00000000c1900000, 0x00000000c1a00000, 0x00000000c1a00000|100%| O|  |TAMS 0x00000000c1a00000, 0x00000000c1900000| Untracked 
|   8|0x00000000c1a00000, 0x00000000c1b00000, 0x00000000c1b00000|100%| O|  |TAMS 0x00000000c1b00000, 0x00000000c1a00000| Untracked 
|   9|0x00000000c1b00000, 0x00000000c1c00000, 0x00000000c1c00000|100%|HS|  |TAMS 0x00000000c1c00000, 0x00000000c1b00000| Complete 
|  10|0x00000000c1c00000, 0x00000000c1d00000, 0x00000000c1d00000|100%|HC|  |TAMS 0x00000000c1d00000, 0x00000000c1c00000| Complete 
|  11|0x00000000c1d00000, 0x00000000c1e00000, 0x00000000c1e00000|100%|HC|  |TAMS 0x00000000c1e00000, 0x00000000c1d00000| Complete 
|  12|0x00000000c1e00000, 0x00000000c1f00000, 0x00000000c1f00000|100%| O|  |TAMS 0x00000000c1f00000, 0x00000000c1e00000| Untracked 
|  13|0x00000000c1f00000, 0x00000000c2000000, 0x00000000c2000000|100%| O|  |TAMS 0x00000000c2000000, 0x00000000c1f00000| Untracked 
|  14|0x00000000c2000000, 0x00000000c2100000, 0x00000000c2100000|100%| O|  |TAMS 0x00000000c2100000, 0x00000000c2000000| Untracked 
|  15|0x00000000c2100000, 0x00000000c2200000, 0x00000000c2200000|100%| O|  |TAMS 0x00000000c2200000, 0x00000000c2100000| Untracked 
|  16|0x00000000c2200000, 0x00000000c2300000, 0x00000000c2300000|100%| O|  |TAMS 0x00000000c2300000, 0x00000000c2200000| Untracked 
|  17|0x00000000c2300000, 0x00000000c2400000, 0x00000000c2400000|100%| O|  |TAMS 0x00000000c2400000, 0x00000000c2300000| Untracked 
|  18|0x00000000c2400000, 0x00000000c2500000, 0x00000000c2500000|100%| O|  |TAMS 0x00000000c2500000, 0x00000000c2400000| Untracked 
|  19|0x00000000c2500000, 0x00000000c2600000, 0x00000000c2600000|100%| O|  |TAMS 0x00000000c2600000, 0x00000000c2500000| Untracked 
|  20|0x00000000c2600000, 0x00000000c2700000, 0x00000000c2700000|100%| O|  |TAMS 0x00000000c2700000, 0x00000000c2600000| Untracked 
|  21|0x00000000c2700000, 0x00000000c2800000, 0x00000000c2800000|100%| O|  |TAMS 0x00000000c2800000, 0x00000000c2700000| Untracked 
|  22|0x00000000c2800000, 0x00000000c2900000, 0x00000000c2900000|100%| O|  |TAMS 0x00000000c2900000, 0x00000000c2800000| Untracked 
|  23|0x00000000c2900000, 0x00000000c2a00000, 0x00000000c2a00000|100%| O|  |TAMS 0x00000000c2a00000, 0x00000000c2900000| Untracked 
|  24|0x00000000c2a00000, 0x00000000c2b00000, 0x00000000c2b00000|100%|HS|  |TAMS 0x00000000c2b00000, 0x00000000c2a00000| Complete 
|  25|0x00000000c2b00000, 0x00000000c2c00000, 0x00000000c2c00000|100%|HC|  |TAMS 0x00000000c2c00000, 0x00000000c2b00000| Complete 
|  26|0x00000000c2c00000, 0x00000000c2d00000, 0x00000000c2d00000|100%| O|  |TAMS 0x00000000c2d00000, 0x00000000c2c00000| Untracked 
|  27|0x00000000c2d00000, 0x00000000c2e00000, 0x00000000c2e00000|100%| O|  |TAMS 0x00000000c2e00000, 0x00000000c2d00000| Untracked 
|  28|0x00000000c2e00000, 0x00000000c2f00000, 0x00000000c2f00000|100%| O|  |TAMS 0x00000000c2f00000, 0x00000000c2e00000| Untracked 
|  29|0x00000000c2f00000, 0x00000000c3000000, 0x00000000c3000000|100%| O|  |TAMS 0x00000000c3000000, 0x00000000c2f00000| Untracked 
|  30|0x00000000c3000000, 0x00000000c3100000, 0x00000000c3100000|100%| O|  |TAMS 0x00000000c3100000, 0x00000000c3000000| Untracked 
|  31|0x00000000c3100000, 0x00000000c3200000, 0x00000000c3200000|100%| O|  |TAMS 0x00000000c3200000, 0x00000000c3100000| Untracked 
|  32|0x00000000c3200000, 0x00000000c3300000, 0x00000000c3300000|100%| O|  |TAMS 0x00000000c3300000, 0x00000000c3200000| Untracked 
|  33|0x00000000c3300000, 0x00000000c3400000, 0x00000000c3400000|100%| O|  |TAMS 0x00000000c3400000, 0x00000000c3300000| Untracked 
|  34|0x00000000c3400000, 0x00000000c3500000, 0x00000000c3500000|100%| O|  |TAMS 0x00000000c3500000, 0x00000000c3400000| Untracked 
|  35|0x00000000c3500000, 0x00000000c3600000, 0x00000000c3600000|100%| O|  |TAMS 0x00000000c3600000, 0x00000000c3500000| Untracked 
|  36|0x00000000c3600000, 0x00000000c3700000, 0x00000000c3700000|100%| O|  |TAMS 0x00000000c3700000, 0x00000000c3600000| Untracked 
|  37|0x00000000c3700000, 0x00000000c3800000, 0x00000000c3800000|100%| O|  |TAMS 0x00000000c3800000, 0x00000000c3700000| Untracked 
|  38|0x00000000c3800000, 0x00000000c3900000, 0x00000000c3900000|100%| O|  |TAMS 0x00000000c3900000, 0x00000000c3800000| Untracked 
|  39|0x00000000c3900000, 0x00000000c3a00000, 0x00000000c3a00000|100%| O|  |TAMS 0x00000000c3a00000, 0x00000000c3900000| Untracked 
|  40|0x00000000c3a00000, 0x00000000c3b00000, 0x00000000c3b00000|100%| O|  |TAMS 0x00000000c3b00000, 0x00000000c3a00000| Untracked 
|  41|0x00000000c3b00000, 0x00000000c3c00000, 0x00000000c3c00000|100%| O|  |TAMS 0x00000000c3c00000, 0x00000000c3b00000| Untracked 
|  42|0x00000000c3c00000, 0x00000000c3d00000, 0x00000000c3d00000|100%| O|  |TAMS 0x00000000c3d00000, 0x00000000c3c00000| Untracked 
|  43|0x00000000c3d00000, 0x00000000c3e00000, 0x00000000c3e00000|100%| O|  |TAMS 0x00000000c3e00000, 0x00000000c3d00000| Untracked 
|  44|0x00000000c3e00000, 0x00000000c3f00000, 0x00000000c3f00000|100%| O|  |TAMS 0x00000000c3f00000, 0x00000000c3e00000| Untracked 
|  45|0x00000000c3f00000, 0x00000000c4000000, 0x00000000c4000000|100%| O|  |TAMS 0x00000000c4000000, 0x00000000c3f00000| Untracked 
|  46|0x00000000c4000000, 0x00000000c4100000, 0x00000000c4100000|100%| O|  |TAMS 0x00000000c4100000, 0x00000000c4000000| Untracked 
|  47|0x00000000c4100000, 0x00000000c4200000, 0x00000000c4200000|100%| O|  |TAMS 0x00000000c4200000, 0x00000000c4100000| Untracked 
|  48|0x00000000c4200000, 0x00000000c4300000, 0x00000000c4300000|100%| O|  |TAMS 0x00000000c4300000, 0x00000000c4200000| Untracked 
|  49|0x00000000c4300000, 0x00000000c4400000, 0x00000000c4400000|100%| O|  |TAMS 0x00000000c4400000, 0x00000000c4300000| Untracked 
|  50|0x00000000c4400000, 0x00000000c4500000, 0x00000000c4500000|100%| O|  |TAMS 0x00000000c4500000, 0x00000000c4400000| Untracked 
|  51|0x00000000c4500000, 0x00000000c4600000, 0x00000000c4600000|100%| O|  |TAMS 0x00000000c4600000, 0x00000000c4500000| Untracked 
|  52|0x00000000c4600000, 0x00000000c4700000, 0x00000000c4700000|100%| O|  |TAMS 0x00000000c4700000, 0x00000000c4600000| Untracked 
|  53|0x00000000c4700000, 0x00000000c4800000, 0x00000000c4800000|100%| O|  |TAMS 0x00000000c4800000, 0x00000000c4700000| Untracked 
|  54|0x00000000c4800000, 0x00000000c4900000, 0x00000000c4900000|100%| O|  |TAMS 0x00000000c4900000, 0x00000000c4800000| Untracked 
|  55|0x00000000c4900000, 0x00000000c4a00000, 0x00000000c4a00000|100%| O|  |TAMS 0x00000000c4a00000, 0x00000000c4900000| Untracked 
|  56|0x00000000c4a00000, 0x00000000c4a32a00, 0x00000000c4b00000| 19%| O|  |TAMS 0x00000000c4a32a00, 0x00000000c4a00000| Untracked 
|  57|0x00000000c4b00000, 0x00000000c4b00000, 0x00000000c4c00000|  0%| F|  |TAMS 0x00000000c4b00000, 0x00000000c4b00000| Untracked 
|  58|0x00000000c4c00000, 0x00000000c4c00000, 0x00000000c4d00000|  0%| F|  |TAMS 0x00000000c4c00000, 0x00000000c4c00000| Untracked 
|  59|0x00000000c4d00000, 0x00000000c4d00000, 0x00000000c4e00000|  0%| F|  |TAMS 0x00000000c4d00000, 0x00000000c4d00000| Untracked 
|  60|0x00000000c4e00000, 0x00000000c4e00000, 0x00000000c4f00000|  0%| F|  |TAMS 0x00000000c4e00000, 0x00000000c4e00000| Untracked 
|  61|0x00000000c4f00000, 0x00000000c4f00000, 0x00000000c5000000|  0%| F|  |TAMS 0x00000000c4f00000, 0x00000000c4f00000| Untracked 
|  62|0x00000000c5000000, 0x00000000c5000000, 0x00000000c5100000|  0%| F|  |TAMS 0x00000000c5000000, 0x00000000c5000000| Untracked 
|  63|0x00000000c5100000, 0x00000000c5100000, 0x00000000c5200000|  0%| F|  |TAMS 0x00000000c5100000, 0x00000000c5100000| Untracked 
|  64|0x00000000c5200000, 0x00000000c5200000, 0x00000000c5300000|  0%| F|  |TAMS 0x00000000c5200000, 0x00000000c5200000| Untracked 
|  65|0x00000000c5300000, 0x00000000c5300000, 0x00000000c5400000|  0%| F|  |TAMS 0x00000000c5300000, 0x00000000c5300000| Untracked 
|  66|0x00000000c5400000, 0x00000000c5400000, 0x00000000c5500000|  0%| F|  |TAMS 0x00000000c5400000, 0x00000000c5400000| Untracked 
|  67|0x00000000c5500000, 0x00000000c5500000, 0x00000000c5600000|  0%| F|  |TAMS 0x00000000c5500000, 0x00000000c5500000| Untracked 
|  68|0x00000000c5600000, 0x00000000c5600000, 0x00000000c5700000|  0%| F|  |TAMS 0x00000000c5600000, 0x00000000c5600000| Untracked 
|  69|0x00000000c5700000, 0x00000000c5700000, 0x00000000c5800000|  0%| F|  |TAMS 0x00000000c5700000, 0x00000000c5700000| Untracked 
|  70|0x00000000c5800000, 0x00000000c5800000, 0x00000000c5900000|  0%| F|  |TAMS 0x00000000c5800000, 0x00000000c5800000| Untracked 
|  71|0x00000000c5900000, 0x00000000c59f4920, 0x00000000c5a00000| 95%| S|CS|TAMS 0x00000000c5900000, 0x00000000c5900000| Complete 
|  72|0x00000000c5a00000, 0x00000000c5b00000, 0x00000000c5b00000|100%| S|CS|TAMS 0x00000000c5a00000, 0x00000000c5a00000| Complete 
|  73|0x00000000c5b00000, 0x00000000c5c00000, 0x00000000c5c00000|100%| S|CS|TAMS 0x00000000c5b00000, 0x00000000c5b00000| Complete 
|  74|0x00000000c5c00000, 0x00000000c5c00000, 0x00000000c5d00000|  0%| F|  |TAMS 0x00000000c5c00000, 0x00000000c5c00000| Untracked 
|  75|0x00000000c5d00000, 0x00000000c5d00000, 0x00000000c5e00000|  0%| F|  |TAMS 0x00000000c5d00000, 0x00000000c5d00000| Untracked 
|  76|0x00000000c5e00000, 0x00000000c5e00000, 0x00000000c5f00000|  0%| F|  |TAMS 0x00000000c5e00000, 0x00000000c5e00000| Untracked 
|  77|0x00000000c5f00000, 0x00000000c5f00000, 0x00000000c6000000|  0%| F|  |TAMS 0x00000000c5f00000, 0x00000000c5f00000| Untracked 
|  78|0x00000000c6000000, 0x00000000c6000000, 0x00000000c6100000|  0%| F|  |TAMS 0x00000000c6000000, 0x00000000c6000000| Untracked 
|  79|0x00000000c6100000, 0x00000000c6100000, 0x00000000c6200000|  0%| F|  |TAMS 0x00000000c6100000, 0x00000000c6100000| Untracked 
|  80|0x00000000c6200000, 0x00000000c6200000, 0x00000000c6300000|  0%| F|  |TAMS 0x00000000c6200000, 0x00000000c6200000| Untracked 
|  81|0x00000000c6300000, 0x00000000c6300000, 0x00000000c6400000|  0%| F|  |TAMS 0x00000000c6300000, 0x00000000c6300000| Untracked 
|  82|0x00000000c6400000, 0x00000000c6400000, 0x00000000c6500000|  0%| F|  |TAMS 0x00000000c6400000, 0x00000000c6400000| Untracked 
|  83|0x00000000c6500000, 0x00000000c6500000, 0x00000000c6600000|  0%| F|  |TAMS 0x00000000c6500000, 0x00000000c6500000| Untracked 
|  84|0x00000000c6600000, 0x00000000c6600000, 0x00000000c6700000|  0%| F|  |TAMS 0x00000000c6600000, 0x00000000c6600000| Untracked 
|  85|0x00000000c6700000, 0x00000000c6700000, 0x00000000c6800000|  0%| F|  |TAMS 0x00000000c6700000, 0x00000000c6700000| Untracked 
|  86|0x00000000c6800000, 0x00000000c6800000, 0x00000000c6900000|  0%| F|  |TAMS 0x00000000c6800000, 0x00000000c6800000| Untracked 
|  87|0x00000000c6900000, 0x00000000c6900000, 0x00000000c6a00000|  0%| F|  |TAMS 0x00000000c6900000, 0x00000000c6900000| Untracked 
|  88|0x00000000c6a00000, 0x00000000c6a00000, 0x00000000c6b00000|  0%| F|  |TAMS 0x00000000c6a00000, 0x00000000c6a00000| Untracked 
|  89|0x00000000c6b00000, 0x00000000c6b00000, 0x00000000c6c00000|  0%| F|  |TAMS 0x00000000c6b00000, 0x00000000c6b00000| Untracked 
|  90|0x00000000c6c00000, 0x00000000c6c00000, 0x00000000c6d00000|  0%| F|  |TAMS 0x00000000c6c00000, 0x00000000c6c00000| Untracked 
|  91|0x00000000c6d00000, 0x00000000c6d00000, 0x00000000c6e00000|  0%| F|  |TAMS 0x00000000c6d00000, 0x00000000c6d00000| Untracked 
|  92|0x00000000c6e00000, 0x00000000c6e00000, 0x00000000c6f00000|  0%| F|  |TAMS 0x00000000c6e00000, 0x00000000c6e00000| Untracked 
|  93|0x00000000c6f00000, 0x00000000c6f00000, 0x00000000c7000000|  0%| F|  |TAMS 0x00000000c6f00000, 0x00000000c6f00000| Untracked 
|  94|0x00000000c7000000, 0x00000000c7000000, 0x00000000c7100000|  0%| F|  |TAMS 0x00000000c7000000, 0x00000000c7000000| Untracked 
|  95|0x00000000c7100000, 0x00000000c71f4778, 0x00000000c7200000| 95%| E|  |TAMS 0x00000000c7100000, 0x00000000c7100000| Complete 
|  96|0x00000000c7200000, 0x00000000c7300000, 0x00000000c7300000|100%| E|CS|TAMS 0x00000000c7200000, 0x00000000c7200000| Complete 
|  97|0x00000000c7300000, 0x00000000c7400000, 0x00000000c7400000|100%| E|CS|TAMS 0x00000000c7300000, 0x00000000c7300000| Complete 
|  98|0x00000000c7400000, 0x00000000c7500000, 0x00000000c7500000|100%| E|CS|TAMS 0x00000000c7400000, 0x00000000c7400000| Complete 
|  99|0x00000000c7500000, 0x00000000c7600000, 0x00000000c7600000|100%| E|CS|TAMS 0x00000000c7500000, 0x00000000c7500000| Complete 
| 100|0x00000000c7600000, 0x00000000c7700000, 0x00000000c7700000|100%| E|CS|TAMS 0x00000000c7600000, 0x00000000c7600000| Complete 
| 101|0x00000000c7700000, 0x00000000c7800000, 0x00000000c7800000|100%| E|CS|TAMS 0x00000000c7700000, 0x00000000c7700000| Complete 
| 102|0x00000000c7800000, 0x00000000c7900000, 0x00000000c7900000|100%| E|CS|TAMS 0x00000000c7800000, 0x00000000c7800000| Complete 
| 103|0x00000000c7900000, 0x00000000c7a00000, 0x00000000c7a00000|100%| E|CS|TAMS 0x00000000c7900000, 0x00000000c7900000| Complete 
| 104|0x00000000c7a00000, 0x00000000c7b00000, 0x00000000c7b00000|100%| E|CS|TAMS 0x00000000c7a00000, 0x00000000c7a00000| Complete 
| 105|0x00000000c7b00000, 0x00000000c7c00000, 0x00000000c7c00000|100%| E|CS|TAMS 0x00000000c7b00000, 0x00000000c7b00000| Complete 
| 106|0x00000000c7c00000, 0x00000000c7d00000, 0x00000000c7d00000|100%| E|CS|TAMS 0x00000000c7c00000, 0x00000000c7c00000| Complete 
| 107|0x00000000c7d00000, 0x00000000c7e00000, 0x00000000c7e00000|100%| E|CS|TAMS 0x00000000c7d00000, 0x00000000c7d00000| Complete 
| 108|0x00000000c7e00000, 0x00000000c7f00000, 0x00000000c7f00000|100%| E|CS|TAMS 0x00000000c7e00000, 0x00000000c7e00000| Complete 
| 109|0x00000000c7f00000, 0x00000000c8000000, 0x00000000c8000000|100%| E|CS|TAMS 0x00000000c7f00000, 0x00000000c7f00000| Complete 
| 110|0x00000000c8000000, 0x00000000c8100000, 0x00000000c8100000|100%| E|CS|TAMS 0x00000000c8000000, 0x00000000c8000000| Complete 
| 111|0x00000000c8100000, 0x00000000c8200000, 0x00000000c8200000|100%| E|CS|TAMS 0x00000000c8100000, 0x00000000c8100000| Complete 

Card table byte_map: [0x0000020f4e740000,0x0000020f4e940000] _byte_map_base: 0x0000020f4e137000

Marking Bits (Prev, Next): (CMBitMap*) 0x0000020f3ba5b040, (CMBitMap*) 0x0000020f3ba5b008
 Prev Bits: [0x0000020f4fb00000, 0x0000020f50ab8000)
 Next Bits: [0x0000020f4eb40000, 0x0000020f4faf8000)

Polling page: 0x0000020f398a0000

Metaspace:

Usage:
  Non-class:     58.29 MB capacity,    57.79 MB (>99%) used,   394.23 KB ( <1%) free+waste,   115.00 KB ( <1%) overhead. 
      Class:      7.62 MB capacity,     7.28 MB ( 96%) used,   294.41 KB (  4%) free+waste,    50.19 KB ( <1%) overhead. 
       Both:     65.91 MB capacity,    65.08 MB ( 99%) used,   688.65 KB (  1%) free+waste,   165.19 KB ( <1%) overhead. 

Virtual space:
  Non-class space:       60.00 MB reserved,      58.50 MB ( 98%) committed 
      Class space:        1.00 GB reserved,       7.63 MB ( <1%) committed 
             Both:        1.06 GB reserved,      66.13 MB (  6%) committed 

Chunk freelists:
   Non-Class:  21.00 KB
       Class:  7.00 KB
        Both:  28.00 KB

MaxMetaspaceSize: 17179869184.00 GB
CompressedClassSpaceSize: 1.00 GB
Initial GC threshold: 20.80 MB
Current GC threshold: 108.54 MB
CDS: off

CodeHeap 'non-profiled nmethods': size=120064Kb used=5122Kb max_used=5122Kb free=114941Kb
 bounds [0x0000020f47000000, 0x0000020f47510000, 0x0000020f4e540000]
CodeHeap 'profiled nmethods': size=120000Kb used=28453Kb max_used=28453Kb free=91546Kb
 bounds [0x0000020f3fad0000, 0x0000020f416a0000, 0x0000020f47000000]
CodeHeap 'non-nmethods': size=5696Kb used=1307Kb max_used=1364Kb free=4389Kb
 bounds [0x0000020f3f540000, 0x0000020f3f7b0000, 0x0000020f3fad0000]
 total_blobs=10046 nmethods=9458 adapters=498
 compilation: enabled
              stopped_count=0, restarted_count=0
 full_count=0

Compilation events (20 events):
Event: 36.662 Thread 0x0000020f537e6000 9508       3       org.jetbrains.kotlin.psi.KtModifierListOwnerStub::getAnnotationEntries (35 bytes)
Event: 36.663 Thread 0x0000020f537e6000 nmethod 9508 0x0000020f41678810 code [0x0000020f41678a20, 0x0000020f41679058]
Event: 36.667 Thread 0x0000020f537e6000 9509       1       org.jetbrains.kotlin.psi.KtProjectionKind::getToken (5 bytes)
Event: 36.667 Thread 0x0000020f537e6000 nmethod 9509 0x0000020f474ffa10 code [0x0000020f474ffbc0, 0x0000020f474ffc78]
Event: 36.671 Thread 0x0000020f537e6000 9510       3       org.jetbrains.kotlin.resolve.scopes.ChainedMemberScope$Companion::create (106 bytes)
Event: 36.676 Thread 0x0000020f537e6000 nmethod 9510 0x0000020f41679210 code [0x0000020f416796e0, 0x0000020f4167ba38]
Event: 36.676 Thread 0x0000020f537e6000 9511       3       org.jetbrains.kotlin.resolve.scopes.ChainedMemberScope$Companion::createOrSingle$descriptors (106 bytes)
Event: 36.679 Thread 0x0000020f537e6000 nmethod 9511 0x0000020f4167c610 code [0x0000020f4167c9a0, 0x0000020f4167e0f8]
Event: 36.679 Thread 0x0000020f537e6000 9513       3       org.jetbrains.kotlin.resolve.calls.tower.CallInfo::<init> (38 bytes)
Event: 36.681 Thread 0x0000020f537e6000 nmethod 9513 0x0000020f4167e810 code [0x0000020f4167eb40, 0x0000020f4167fb58]
Event: 36.681 Thread 0x0000020f537e6000 9512       3       org.jetbrains.kotlin.resolve.scopes.ChainedMemberScope::<init> (7 bytes)
Event: 36.681 Thread 0x0000020f537e6000 nmethod 9512 0x0000020f41680110 code [0x0000020f416802e0, 0x0000020f41680558]
Event: 36.681 Thread 0x0000020f537e6000 9514       3       org.jetbrains.kotlin.resolve.constants.evaluate.ConstantExpressionEvaluatorVisitor::evaluateCall (893 bytes)
Event: 36.695 Thread 0x0000020f537e6000 nmethod 9514 0x0000020f41680690 code [0x0000020f416810e0, 0x0000020f41687378]
Event: 36.695 Thread 0x0000020f537e6000 9515       3       org.jetbrains.kotlin.resolve.calls.tower.MemberScopeTowerLevel::collectMembers (567 bytes)
Event: 36.702 Thread 0x0000020f537e6000 nmethod 9515 0x0000020f41689590 code [0x0000020f41689ca0, 0x0000020f4168e498]
Event: 36.702 Thread 0x0000020f537e6000 9516       3       org.jetbrains.kotlin.resolve.calls.inference.components.TypeVariableDependencyInformationProvider$computeConstraintEdges$1::<init> (16 bytes)
Event: 36.702 Thread 0x0000020f537e6000 nmethod 9516 0x0000020f4168fa10 code [0x0000020f4168fbe0, 0x0000020f4168fe58]
Event: 36.702 Thread 0x0000020f537e6000 9517       3       org.jetbrains.kotlin.resolve.calls.inference.model.ConstraintKind::isLower (13 bytes)
Event: 36.703 Thread 0x0000020f537e6000 nmethod 9517 0x0000020f4168ff90 code [0x0000020f41690140, 0x0000020f41690298]

GC Heap History (20 events):
Event: 17.400 GC heap before
{Heap before GC invocations=11 (full 0):
 garbage-first heap   total 78848K, used 55885K [0x00000000c1200000, 0x0000000100000000)
  region size 1024K, 26 young (26624K), 4 survivors (4096K)
 Metaspace       used 50011K, capacity 50532K, committed 50688K, reserved 1093632K
  class space    used 5836K, capacity 6058K, committed 6144K, reserved 1048576K
}
Event: 17.426 GC heap after
{Heap after GC invocations=12 (full 0):
 garbage-first heap   total 78848K, used 34751K [0x00000000c1200000, 0x0000000100000000)
  region size 1024K, 2 young (2048K), 2 survivors (2048K)
 Metaspace       used 50011K, capacity 50532K, committed 50688K, reserved 1093632K
  class space    used 5836K, capacity 6058K, committed 6144K, reserved 1048576K
}
Event: 18.308 GC heap before
{Heap before GC invocations=12 (full 0):
 garbage-first heap   total 78848K, used 57279K [0x00000000c1200000, 0x0000000100000000)
  region size 1024K, 24 young (24576K), 2 survivors (2048K)
 Metaspace       used 51730K, capacity 52306K, committed 52608K, reserved 1095680K
  class space    used 5987K, capacity 6197K, committed 6272K, reserved 1048576K
}
Event: 18.329 GC heap after
{Heap after GC invocations=13 (full 0):
 garbage-first heap   total 95232K, used 37860K [0x00000000c1200000, 0x0000000100000000)
  region size 1024K, 3 young (3072K), 3 survivors (3072K)
 Metaspace       used 51730K, capacity 52306K, committed 52608K, reserved 1095680K
  class space    used 5987K, capacity 6197K, committed 6272K, reserved 1048576K
}
Event: 21.123 GC heap before
{Heap before GC invocations=13 (full 0):
 garbage-first heap   total 95232K, used 66532K [0x00000000c1200000, 0x0000000100000000)
  region size 1024K, 31 young (31744K), 3 survivors (3072K)
 Metaspace       used 55508K, capacity 56152K, committed 56320K, reserved 1099776K
  class space    used 6303K, capacity 6572K, committed 6656K, reserved 1048576K
}
Event: 21.163 GC heap after
{Heap after GC invocations=14 (full 0):
 garbage-first heap   total 95232K, used 42853K [0x00000000c1200000, 0x0000000100000000)
  region size 1024K, 4 young (4096K), 4 survivors (4096K)
 Metaspace       used 55508K, capacity 56152K, committed 56320K, reserved 1099776K
  class space    used 6303K, capacity 6572K, committed 6656K, reserved 1048576K
}
Event: 22.120 GC heap before
{Heap before GC invocations=14 (full 0):
 garbage-first heap   total 95232K, used 69477K [0x00000000c1200000, 0x0000000100000000)
  region size 1024K, 30 young (30720K), 4 survivors (4096K)
 Metaspace       used 55824K, capacity 56473K, committed 56576K, reserved 1099776K
  class space    used 6309K, capacity 6572K, committed 6656K, reserved 1048576K
}
Event: 22.168 GC heap after
{Heap after GC invocations=15 (full 0):
 garbage-first heap   total 95232K, used 47756K [0x00000000c1200000, 0x0000000100000000)
  region size 1024K, 4 young (4096K), 4 survivors (4096K)
 Metaspace       used 55824K, capacity 56473K, committed 56576K, reserved 1099776K
  class space    used 6309K, capacity 6572K, committed 6656K, reserved 1048576K
}
Event: 22.895 GC heap before
{Heap before GC invocations=15 (full 0):
 garbage-first heap   total 95232K, used 72332K [0x00000000c1200000, 0x0000000100000000)
  region size 1024K, 28 young (28672K), 4 survivors (4096K)
 Metaspace       used 56099K, capacity 56742K, committed 56832K, reserved 1099776K
  class space    used 6326K, capacity 6576K, committed 6656K, reserved 1048576K
}
Event: 22.933 GC heap after
{Heap after GC invocations=16 (full 0):
 garbage-first heap   total 95232K, used 51996K [0x00000000c1200000, 0x0000000100000000)
  region size 1024K, 4 young (4096K), 4 survivors (4096K)
 Metaspace       used 56099K, capacity 56742K, committed 56832K, reserved 1099776K
  class space    used 6326K, capacity 6576K, committed 6656K, reserved 1048576K
}
Event: 23.300 GC heap before
{Heap before GC invocations=17 (full 0):
 garbage-first heap   total 95232K, used 74524K [0x00000000c1200000, 0x0000000100000000)
  region size 1024K, 26 young (26624K), 4 survivors (4096K)
 Metaspace       used 56100K, capacity 56742K, committed 56832K, reserved 1099776K
  class space    used 6326K, capacity 6576K, committed 6656K, reserved 1048576K
}
Event: 23.314 GC heap after
{Heap after GC invocations=18 (full 0):
 garbage-first heap   total 95232K, used 52741K [0x00000000c1200000, 0x0000000100000000)
  region size 1024K, 1 young (1024K), 1 survivors (1024K)
 Metaspace       used 56100K, capacity 56742K, committed 56832K, reserved 1099776K
  class space    used 6326K, capacity 6576K, committed 6656K, reserved 1048576K
}
Event: 23.456 GC heap before
{Heap before GC invocations=18 (full 0):
 garbage-first heap   total 95232K, used 75269K [0x00000000c1200000, 0x0000000100000000)
  region size 1024K, 23 young (23552K), 1 survivors (1024K)
 Metaspace       used 56100K, capacity 56742K, committed 56832K, reserved 1099776K
  class space    used 6326K, capacity 6576K, committed 6656K, reserved 1048576K
}
Event: 23.457 GC heap after
{Heap after GC invocations=19 (full 0):
 garbage-first heap   total 95232K, used 52207K [0x00000000c1200000, 0x0000000100000000)
  region size 1024K, 1 young (1024K), 1 survivors (1024K)
 Metaspace       used 56100K, capacity 56742K, committed 56832K, reserved 1099776K
  class space    used 6326K, capacity 6576K, committed 6656K, reserved 1048576K
}
Event: 25.837 GC heap before
{Heap before GC invocations=19 (full 0):
 garbage-first heap   total 95232K, used 74735K [0x00000000c1200000, 0x0000000100000000)
  region size 1024K, 24 young (24576K), 1 survivors (1024K)
 Metaspace       used 59627K, capacity 60335K, committed 60544K, reserved 1103872K
  class space    used 6739K, capacity 7024K, committed 7040K, reserved 1048576K
}
Event: 25.850 GC heap after
{Heap after GC invocations=20 (full 0):
 garbage-first heap   total 95232K, used 53974K [0x00000000c1200000, 0x0000000100000000)
  region size 1024K, 2 young (2048K), 2 survivors (2048K)
 Metaspace       used 59627K, capacity 60335K, committed 60544K, reserved 1103872K
  class space    used 6739K, capacity 7024K, committed 7040K, reserved 1048576K
}
Event: 29.177 GC heap before
{Heap before GC invocations=21 (full 0):
 garbage-first heap   total 95232K, used 76502K [0x00000000c1200000, 0x0000000100000000)
  region size 1024K, 25 young (25600K), 2 survivors (2048K)
 Metaspace       used 63587K, capacity 64366K, committed 64512K, reserved 1105920K
  class space    used 7276K, capacity 7623K, committed 7680K, reserved 1048576K
}
Event: 29.206 GC heap after
{Heap after GC invocations=22 (full 0):
 garbage-first heap   total 95232K, used 57440K [0x00000000c1200000, 0x0000000100000000)
  region size 1024K, 4 young (4096K), 4 survivors (4096K)
 Metaspace       used 63587K, capacity 64366K, committed 64512K, reserved 1105920K
  class space    used 7276K, capacity 7623K, committed 7680K, reserved 1048576K
}
Event: 32.565 GC heap before
{Heap before GC invocations=22 (full 0):
 garbage-first heap   total 95232K, used 76896K [0x00000000c1200000, 0x0000000100000000)
  region size 1024K, 23 young (23552K), 4 survivors (4096K)
 Metaspace       used 65624K, capacity 66484K, committed 66688K, reserved 1107968K
  class space    used 7436K, capacity 7767K, committed 7808K, reserved 1048576K
}
Event: 32.597 GC heap after
{Heap after GC invocations=23 (full 0):
 garbage-first heap   total 114688K, used 60572K [0x00000000c1200000, 0x0000000100000000)
  region size 1024K, 3 young (3072K), 3 survivors (3072K)
 Metaspace       used 65624K, capacity 66484K, committed 66688K, reserved 1107968K
  class space    used 7436K, capacity 7767K, committed 7808K, reserved 1048576K
}

Deoptimization events (20 events):
Event: 34.778 Thread 0x0000020f3ba2d800 Uncommon trap: trap_request=0xffffffbe fr.pc=0x0000020f474bc53c relative=0x000000000000319c
Event: 34.779 Thread 0x0000020f3ba2d800 Uncommon trap: reason=profile_predicate action=maybe_recompile pc=0x0000020f474bc53c method=org.jetbrains.kotlin.com.intellij.psi.impl.source.CharTableImpl$StringHashToCharSequencesMap.charSequenceSubSequenceEquals(Ljava/lang/CharSequence;Ljava/lang/CharS
Event: 34.779 Thread 0x0000020f3ba2d800 DEOPT PACKING pc=0x0000020f474bc53c sp=0x000000b795afb550
Event: 34.779 Thread 0x0000020f3ba2d800 DEOPT UNPACKING pc=0x0000020f3f58a1af sp=0x000000b795afb360 mode 2
Event: 34.779 Thread 0x0000020f3ba2d800 Uncommon trap: trap_request=0xffffffbe fr.pc=0x0000020f474bc2d8 relative=0x0000000000002f38
Event: 34.779 Thread 0x0000020f3ba2d800 Uncommon trap: reason=profile_predicate action=maybe_recompile pc=0x0000020f474bc2d8 method=org.jetbrains.kotlin.com.intellij.psi.impl.source.CharTableImpl$StringHashToCharSequencesMap.charSequenceSubSequenceEquals(Ljava/lang/CharSequence;Ljava/lang/CharS
Event: 34.779 Thread 0x0000020f3ba2d800 DEOPT PACKING pc=0x0000020f474bc2d8 sp=0x000000b795afb550
Event: 34.779 Thread 0x0000020f3ba2d800 DEOPT UNPACKING pc=0x0000020f3f58a1af sp=0x000000b795afb388 mode 2
Event: 35.282 Thread 0x0000020f3ba2d800 Uncommon trap: trap_request=0xffffffc6 fr.pc=0x0000020f47355cb8 relative=0x0000000000002dd8
Event: 35.282 Thread 0x0000020f3ba2d800 Uncommon trap: reason=bimorphic_or_optimized_type_check action=maybe_recompile pc=0x0000020f47355cb8 method=org.jetbrains.kotlin.serialization.deserialization.descriptors.DeserializedMemberScope.hasClass(Lorg/jetbrains/kotlin/name/Name;)Z @ 11 c2
Event: 35.282 Thread 0x0000020f3ba2d800 DEOPT PACKING pc=0x0000020f47355cb8 sp=0x000000b795afb4b0
Event: 35.282 Thread 0x0000020f3ba2d800 DEOPT UNPACKING pc=0x0000020f3f58a1af sp=0x000000b795afb440 mode 2
Event: 36.331 Thread 0x0000020f3ba2d800 Uncommon trap: trap_request=0xffffffc6 fr.pc=0x0000020f47355cb8 relative=0x0000000000002dd8
Event: 36.331 Thread 0x0000020f3ba2d800 Uncommon trap: reason=bimorphic_or_optimized_type_check action=maybe_recompile pc=0x0000020f47355cb8 method=org.jetbrains.kotlin.serialization.deserialization.descriptors.DeserializedMemberScope.hasClass(Lorg/jetbrains/kotlin/name/Name;)Z @ 11 c2
Event: 36.331 Thread 0x0000020f3ba2d800 DEOPT PACKING pc=0x0000020f47355cb8 sp=0x000000b795afaaa0
Event: 36.331 Thread 0x0000020f3ba2d800 DEOPT UNPACKING pc=0x0000020f3f58a1af sp=0x000000b795afaa30 mode 2
Event: 36.614 Thread 0x0000020f3ba2d800 Uncommon trap: trap_request=0xffffffc6 fr.pc=0x0000020f47421c0c relative=0x000000000000228c
Event: 36.614 Thread 0x0000020f3ba2d800 Uncommon trap: reason=bimorphic_or_optimized_type_check action=maybe_recompile pc=0x0000020f47421c0c method=org.jetbrains.kotlin.resolve.OverridingUtil.generateOverridesInFunctionGroup(Lorg/jetbrains/kotlin/name/Name;Ljava/util/Collection;Ljava/util/Colle
Event: 36.614 Thread 0x0000020f3ba2d800 DEOPT PACKING pc=0x0000020f47421c0c sp=0x000000b795afba20
Event: 36.614 Thread 0x0000020f3ba2d800 DEOPT UNPACKING pc=0x0000020f3f58a1af sp=0x000000b795afba30 mode 2

Classes redefined (0 events):
No events

Internal exceptions (20 events):
Event: 19.889 Thread 0x0000020f3ba2d800 Implicit null exception at 0x0000020f4709f675 to 0x0000020f4709f84c
Event: 19.889 Thread 0x0000020f3ba2d800 Implicit null exception at 0x0000020f4706582f to 0x0000020f4706589d
Event: 23.623 Thread 0x0000020f3ba2d800 Exception <a 'java/lang/NoSuchMethodError'{0x00000000c6a9a2c8}: 'java.lang.Object java.lang.invoke.Invokers$Holder.linkToTargetMethod(java.lang.Object, java.lang.Object, java.lang.Object, java.lang.Object, java.lang.Object, java.lang.Object)'> (0x00000000c6a9a2c8) thrown at [./src/hotspot/share/interpreter/linkResolver.cpp, line 773]
Event: 23.634 Thread 0x0000020f3ba2d800 Implicit null exception at 0x0000020f4719fc31 to 0x0000020f4719ffec
Event: 23.799 Thread 0x0000020f3ba2d800 Exception <a 'java/lang/NoSuchMethodError'{0x00000000c6627c78}: 'java.lang.Object java.lang.invoke.Invokers$Holder.linkToTargetMethod(java.lang.Object, java.lang.Object, java.lang.Object, java.lang.Object, java.lang.Object, java.lang.Object, java.lang.Object)'> (0x00000000c6627c78) thrown at [./src/hotspot/share/interpreter/linkResolver.cpp, line 773]
Event: 23.810 Thread 0x0000020f3ba2d800 Implicit null exception at 0x0000020f4706845e to 0x0000020f47068be4
Event: 24.379 Thread 0x0000020f3ba2d800 Implicit null exception at 0x0000020f4714b94c to 0x0000020f4714ba28
Event: 24.382 Thread 0x0000020f3ba2d800 Implicit null exception at 0x0000020f4701de74 to 0x0000020f4701e388
Event: 24.419 Thread 0x0000020f3ba2d800 Exception <a 'java/lang/NoSuchMethodError'{0x00000000c5e10080}: 'java.lang.Object java.lang.invoke.DirectMethodHandle$Holder.invokeInterface(java.lang.Object, java.lang.Object, java.lang.Object)'> (0x00000000c5e10080) thrown at [./src/hotspot/share/interpreter/linkResolver.cpp, line 773]
Event: 24.419 Thread 0x0000020f3ba2d800 Exception <a 'java/lang/IncompatibleClassChangeError'{0x00000000c5e132b0}: Found class java.lang.Object, but interface was expected> (0x00000000c5e132b0) thrown at [./src/hotspot/share/interpreter/linkResolver.cpp, line 839]
Event: 24.445 Thread 0x0000020f3ba2d800 Implicit null exception at 0x0000020f4701ccf4 to 0x0000020f4701d1e0
Event: 24.918 Thread 0x0000020f3ba2d800 Exception <a 'java/lang/NoSuchMethodError'{0x00000000c5cc7208}: 'int java.lang.invoke.DirectMethodHandle$Holder.invokeStaticInit(java.lang.Object, int)'> (0x00000000c5cc7208) thrown at [./src/hotspot/share/interpreter/linkResolver.cpp, line 773]
Event: 26.304 Thread 0x0000020f3ba2d800 Exception <a 'java/lang/NoSuchMethodError'{0x00000000c6d0d2e0}: 'java.lang.Object java.lang.invoke.Invokers$Holder.linkToTargetMethod(java.lang.Object, java.lang.Object, java.lang.Object, int, int, java.lang.Object)'> (0x00000000c6d0d2e0) thrown at [./src/hotspot/share/interpreter/linkResolver.cpp, line 773]
Event: 28.512 Thread 0x0000020f3ba2d800 Exception <a 'java/lang/NoSuchMethodError'{0x00000000c5e67bd0}: 'int java.lang.invoke.DirectMethodHandle$Holder.invokeVirtual(java.lang.Object, java.lang.Object, java.lang.Object)'> (0x00000000c5e67bd0) thrown at [./src/hotspot/share/interpreter/linkResolver.cpp, line 773]
Event: 28.937 Thread 0x0000020f3ba2d800 Exception <a 'java/lang/NoSuchMethodError'{0x00000000c5a5fea8}: 'java.lang.Object java.lang.invoke.DirectMethodHandle$Holder.invokeSpecial(java.lang.Object, java.lang.Object, java.lang.Object, java.lang.Object, java.lang.Object, int)'> (0x00000000c5a5fea8) thrown at [./src/hotspot/share/interpreter/linkResolver.cpp, line 773]
Event: 28.938 Thread 0x0000020f3ba2d800 Exception <a 'java/lang/NoSuchMethodError'{0x00000000c5a63cf0}: 'java.lang.Object java.lang.invoke.Invokers$Holder.linkToTargetMethod(java.lang.Object, java.lang.Object, java.lang.Object, int, java.lang.Object)'> (0x00000000c5a63cf0) thrown at [./src/hotspot/share/interpreter/linkResolver.cpp, line 773]
Event: 29.090 Thread 0x0000020f3ba2d800 Exception <a 'java/lang/NoSuchMethodError'{0x00000000c581a698}: 'void java.lang.invoke.DirectMethodHandle$Holder.invokeInterface(java.lang.Object, java.lang.Object)'> (0x00000000c581a698) thrown at [./src/hotspot/share/interpreter/linkResolver.cpp, line 773]
Event: 29.367 Thread 0x0000020f3ba2d800 Exception <a 'java/lang/IncompatibleClassChangeError'{0x00000000c6d149a0}: Found class java.lang.Object, but interface was expected> (0x00000000c6d149a0) thrown at [./src/hotspot/share/interpreter/linkResolver.cpp, line 839]
Event: 31.186 Thread 0x0000020f3ba2d800 Implicit null exception at 0x0000020f47064e75 to 0x0000020f4706503c
Event: 31.763 Thread 0x0000020f3ba2d800 Implicit null exception at 0x0000020f4745850c to 0x0000020f474585e1

Events (20 events):
Event: 36.604 loading class org/jetbrains/kotlin/resolve/descriptorUtil/DescriptorUtilsKt$firstOverridden$1
Event: 36.604 loading class org/jetbrains/kotlin/resolve/descriptorUtil/DescriptorUtilsKt$firstOverridden$1 done
Event: 36.605 loading class org/jetbrains/kotlin/resolve/descriptorUtil/DescriptorUtilsKt$firstOverridden$2
Event: 36.605 loading class org/jetbrains/kotlin/resolve/descriptorUtil/DescriptorUtilsKt$firstOverridden$2 done
Event: 36.606 Executing VM operation: Deoptimize
Event: 36.608 Executing VM operation: Deoptimize done
Event: 36.609 loading class org/jetbrains/kotlin/load/java/SpecialBuiltinMembers$getOverriddenBuiltinWithDifferentJvmName$2
Event: 36.609 loading class org/jetbrains/kotlin/load/java/SpecialBuiltinMembers$getOverriddenBuiltinWithDifferentJvmName$2 done
Event: 36.611 loading class org/jetbrains/kotlin/load/java/BuiltinMethodsWithDifferentJvmName
Event: 36.611 loading class org/jetbrains/kotlin/load/java/BuiltinMethodsWithDifferentJvmName done
Event: 36.612 loading class org/jetbrains/kotlin/load/java/BuiltinMethodsWithDifferentJvmName$isBuiltinFunctionWithDifferentNameInJvm$1
Event: 36.612 loading class org/jetbrains/kotlin/load/java/BuiltinMethodsWithDifferentJvmName$isBuiltinFunctionWithDifferentNameInJvm$1 done
Event: 36.613 loading class org/jetbrains/kotlin/load/java/BuiltinMethodsWithSpecialGenericSignature$getOverriddenBuiltinFunctionWithErasedValueParametersInJava$1
Event: 36.613 loading class org/jetbrains/kotlin/load/java/BuiltinMethodsWithSpecialGenericSignature$getOverriddenBuiltinFunctionWithErasedValueParametersInJava$1 done
Event: 36.614 loading class org/jetbrains/kotlin/load/java/lazy/descriptors/LazyJavaClassMemberScope$computeNonDeclaredFunctions$3
Event: 36.614 loading class org/jetbrains/kotlin/load/java/lazy/descriptors/LazyJavaClassMemberScope$computeNonDeclaredFunctions$3 done
Event: 36.616 loading class org/jetbrains/kotlin/load/java/lazy/descriptors/LazyJavaClassMemberScope$computeNonDeclaredFunctions$4
Event: 36.616 loading class org/jetbrains/kotlin/load/java/lazy/descriptors/LazyJavaClassMemberScope$computeNonDeclaredFunctions$4 done
Event: 36.621 loading class org/jetbrains/kotlin/load/java/SpecialBuiltinMembers$getOverriddenSpecialBuiltin$2
Event: 36.621 loading class org/jetbrains/kotlin/load/java/SpecialBuiltinMembers$getOverriddenSpecialBuiltin$2 done


Dynamic libraries:
0x00007ff795800000 - 0x00007ff79580a000 	C:\Program Files\Android\Android Studio\jre\bin\java.exe
0x00007ffefbb70000 - 0x00007ffefbd68000 	C:\WINDOWS\SYSTEM32\ntdll.dll
0x00007ffefade0000 - 0x00007ffefae9d000 	C:\WINDOWS\System32\KERNEL32.DLL
0x00007ffef9710000 - 0x00007ffef99de000 	C:\WINDOWS\System32\KERNELBASE.dll
0x00007ffef9580000 - 0x00007ffef9680000 	C:\WINDOWS\System32\ucrtbase.dll
0x00007ffee6220000 - 0x00007ffee6239000 	C:\Program Files\Android\Android Studio\jre\bin\jli.dll
0x00007ffee70c0000 - 0x00007ffee70d7000 	C:\Program Files\Android\Android Studio\jre\bin\VCRUNTIME140.dll
0x00007ffefb4b0000 - 0x00007ffefb650000 	C:\WINDOWS\System32\USER32.dll
0x00007ffee8420000 - 0x00007ffee86ba000 	C:\WINDOWS\WinSxS\amd64_microsoft.windows.common-controls_6595b64144ccf1df_6.0.19041.1110_none_60b5254171f9507e\COMCTL32.dll
0x00007ffef9be0000 - 0x00007ffef9c02000 	C:\WINDOWS\System32\win32u.dll
0x00007ffefb360000 - 0x00007ffefb3fe000 	C:\WINDOWS\System32\msvcrt.dll
0x00007ffefa790000 - 0x00007ffefa7ba000 	C:\WINDOWS\System32\GDI32.dll
0x00007ffef92d0000 - 0x00007ffef93db000 	C:\WINDOWS\System32\gdi32full.dll
0x00007ffef9b40000 - 0x00007ffef9bdd000 	C:\WINDOWS\System32\msvcp_win.dll
0x00007ffefaea0000 - 0x00007ffefaed0000 	C:\WINDOWS\System32\IMM32.DLL
0x00007ffeb8720000 - 0x00007ffeb87bd000 	C:\Program Files\Android\Android Studio\jre\bin\msvcp140.dll
0x00007ffeba800000 - 0x00007ffebb2e5000 	C:\Program Files\Android\Android Studio\jre\bin\server\jvm.dll
0x00007ffefb660000 - 0x00007ffefb70e000 	C:\WINDOWS\System32\ADVAPI32.dll
0x00007ffefba40000 - 0x00007ffefbadc000 	C:\WINDOWS\System32\sechost.dll
0x00007ffefab80000 - 0x00007ffefaca5000 	C:\WINDOWS\System32\RPCRT4.dll
0x00007ffefb340000 - 0x00007ffefb348000 	C:\WINDOWS\System32\PSAPI.DLL
0x00007ffe717c0000 - 0x00007ffe717c9000 	C:\WINDOWS\SYSTEM32\WSOCK32.dll
0x00007ffecd280000 - 0x00007ffecd2a7000 	C:\WINDOWS\SYSTEM32\WINMM.dll
0x00007ffefa720000 - 0x00007ffefa78b000 	C:\WINDOWS\System32\WS2_32.dll
0x00007ffeeb7b0000 - 0x00007ffeeb7ba000 	C:\WINDOWS\SYSTEM32\VERSION.dll
0x00007ffef7000000 - 0x00007ffef7012000 	C:\WINDOWS\SYSTEM32\kernel.appcore.dll
0x00007ffee65c0000 - 0x00007ffee65d1000 	C:\Program Files\Android\Android Studio\jre\bin\verify.dll
0x00007ffef3250000 - 0x00007ffef3434000 	C:\WINDOWS\SYSTEM32\DBGHELP.DLL
0x00007ffedaec0000 - 0x00007ffedaeec000 	C:\WINDOWS\SYSTEM32\dbgcore.DLL
0x00007ffef9680000 - 0x00007ffef9702000 	C:\WINDOWS\System32\bcryptPrimitives.dll
0x00007ffed96b0000 - 0x00007ffed96d9000 	C:\Program Files\Android\Android Studio\jre\bin\java.dll
0x00007ffee79b0000 - 0x00007ffee79bb000 	C:\Program Files\Android\Android Studio\jre\bin\jimage.dll
0x00007ffef4c00000 - 0x00007ffef4c18000 	C:\Program Files\Android\Android Studio\jre\bin\zip.dll
0x00007ffef9e40000 - 0x00007ffefa584000 	C:\WINDOWS\System32\SHELL32.dll
0x00007ffef7220000 - 0x00007ffef79b4000 	C:\WINDOWS\SYSTEM32\windows.storage.dll
0x00007ffefa820000 - 0x00007ffefab74000 	C:\WINDOWS\System32\combase.dll
0x00007ffef8d30000 - 0x00007ffef8d60000 	C:\WINDOWS\SYSTEM32\Wldp.dll
0x00007ffefa590000 - 0x00007ffefa63d000 	C:\WINDOWS\System32\SHCORE.dll
0x00007ffefa640000 - 0x00007ffefa695000 	C:\WINDOWS\System32\shlwapi.dll
0x00007ffef9210000 - 0x00007ffef922f000 	C:\WINDOWS\SYSTEM32\profapi.dll
0x00007ffede340000 - 0x00007ffede35a000 	C:\Program Files\Android\Android Studio\jre\bin\net.dll
0x00007ffef2e30000 - 0x00007ffef2f3a000 	C:\WINDOWS\SYSTEM32\WINHTTP.dll
0x00007ffef8a90000 - 0x00007ffef8afa000 	C:\WINDOWS\system32\mswsock.dll
0x00007ffed9660000 - 0x00007ffed9674000 	C:\Program Files\Android\Android Studio\jre\bin\nio.dll

dbghelp: loaded successfully - version: 4.0.5 - missing functions: none
symbol engine: initialized successfully - sym options: 0x614 - pdb path: .;C:\Program Files\Android\Android Studio\jre\bin;C:\WINDOWS\SYSTEM32;C:\WINDOWS\WinSxS\amd64_microsoft.windows.common-controls_6595b64144ccf1df_6.0.19041.1110_none_60b5254171f9507e;C:\Program Files\Android\Android Studio\jre\bin\server

VM Arguments:
java_command: org.jetbrains.kotlin.cli.jvm.K2JVMCompiler @C:\Users\johny\AndroidStudioProjects\MyApplication2\app\build\20230901_16696062948466440183.compiler.options
java_class_path (initial): C:\AndroidStudioProjects\VoiceChangerSeniorProject20\.gradle\caches\modules-2\files-2.1\org.jetbrains.kotlin\kotlin-compiler-embeddable\1.7.10\909803167c98606fcf22b4c848647c68e351d48d\kotlin-compiler-embeddable-1.7.10.jar;C:\AndroidStudioProjects\VoiceChangerSeniorProject20\.gradle\caches\modules-2\files-2.1\org.jetbrains.kotlin\kotlin-reflect\1.7.10\165e600dfea6185cf5efa700756294cc4904dbeb\kotlin-reflect-1.7.10.jar;C:\AndroidStudioProjects\VoiceChangerSeniorProject20\.gradle\caches\modules-2\files-2.1\org.jetbrains.kotlin\kotlin-stdlib\1.7.10\d2abf9e77736acc4450dc4a3f707fa2c10f5099d\kotlin-stdlib-1.7.10.jar;C:\AndroidStudioProjects\VoiceChangerSeniorProject20\.gradle\caches\modules-2\files-2.1\org.jetbrains.kotlin\kotlin-script-runtime\1.7.10\c99c87a6988d8fd8d5142e9ed5c9f34a7cf561ee\kotlin-script-runtime-1.7.10.jar;C:\AndroidStudioProjects\VoiceChangerSeniorProject20\.gradle\caches\modules-2\files-2.1\org.jetbrains.kotlin\kotlin-daemon-embeddable\1.7.10\3a9f7aef7080d3ae63126cbba4f827ed664f32fa\kotlin-daemon-embeddable-1.7.10.jar;C:\AndroidStudioProjects\VoiceChangerSeniorProject20\.gradle\caches\modules-2\files-2.1\org.jetbrains.intellij.deps\trove4j\1.0.20200330\3afb14d5f9ceb459d724e907a21145e8ff394f02\trove4j-1.0.20200330.jar;C:\AndroidStudioProjects\VoiceChangerSeniorProject20\.gradle\caches\modules-2\files-2.1\net.java.dev.jna\jna\5.6.0\330f2244e9030119ab3030fc3fededc86713d9cc\jna-5.6.0.jar;C:\AndroidStudioProjects\VoiceChangerSeniorProject20\.gradle\caches\modules-2\files-2.1\org.jetbrains.kotlin\kotlin-stdlib-common\1.7.10\bac80c520d0a9e3f3673bc2658c6ed02ef45a76a\kotlin-stdlib-common-1.7.10.jar;C:\AndroidStudioProjects\VoiceChangerSeniorProject20\.gradle\caches\modules-2\files-2.1\org.jetbrains\annotations\13.0\919f0dfe192fb4e063e7dacadee7f8bb9a2672a9\annotations-13.0.jar
Launcher Type: SUN_STANDARD

[Global flags]
     intx CICompilerCount                          = 3                                         {product} {ergonomic}
     uint ConcGCThreads                            = 1                                         {product} {ergonomic}
     uint G1ConcRefinementThreads                  = 4                                         {product} {ergonomic}
   size_t G1HeapRegionSize                         = 1048576                                   {product} {ergonomic}
    uintx GCDrainStackTargetSize                   = 64                                        {product} {ergonomic}
   size_t InitialHeapSize                          = 67108864                                  {product} {ergonomic}
   size_t MarkStackSize                            = 4194304                                   {product} {ergonomic}
   size_t MaxHeapSize                              = 1054867456                                {product} {ergonomic}
   size_t MaxNewSize                               = 632291328                                 {product} {ergonomic}
   size_t MinHeapDeltaBytes                        = 1048576                                   {product} {ergonomic}
    uintx NonNMethodCodeHeapSize                   = 5830732                                {pd product} {ergonomic}
    uintx NonProfiledCodeHeapSize                  = 122913754                              {pd product} {ergonomic}
    uintx ProfiledCodeHeapSize                     = 122913754                              {pd product} {ergonomic}
    uintx ReservedCodeCacheSize                    = 251658240                              {pd product} {ergonomic}
     bool SegmentedCodeCache                       = true                                      {product} {ergonomic}
     bool UseCompressedClassPointers               = true                                 {lp64_product} {ergonomic}
     bool UseCompressedOops                        = true                                 {lp64_product} {ergonomic}
     bool UseG1GC                                  = true                                      {product} {ergonomic}
     bool UseLargePagesIndividualAllocation        = false                                  {pd product} {ergonomic}

Logging:
Log output configuration:
 #0: stdout all=warning uptime,level,tags
 #1: stderr all=off uptime,level,tags

Environment Variables:
PATH=C:\Program Files (x86)\Common Files\Oracle\Java\javapath;C:\Python311\Scripts\;C:\Python311\;C:\ProgramData\Oracle\Java\javapath;C:\WINDOWS\system32;C:\WINDOWS;C:\WINDOWS\System32\Wbem;C:\WINDOWS\System32\WindowsPowerShell\v1.0\;C:\WINDOWS\System32\OpenSSH\;C:\Program Files\Microsoft SQL Server\Client SDK\ODBC\170\Tools\Binn\;C:\Program Files (x86)\Microsoft SQL Server\150\Tools\Binn\;C:\Program Files\Microsoft SQL Server\150\Tools\Binn\;C:\Program Files\Microsoft SQL Server\150\DTS\Binn\;C:\Program Files\Azure Data Studio\bin;C:\Program Files\Docker\Docker\resources\bin;C:\ProgramData\DockerDesktop\version-bin;C:\Program Files\Git\cmd;C:\ProgramData\chocolatey\bin;C:\Program Files\nodejs\;C:\Users\johny\AppData\Local\Microsoft\WindowsApps;C:\Users\johny\AppData\Roaming\npm;C:\Users\johny\AppData\Local\Programs\Microsoft VS Code\bin
USERNAME=johny
OS=Windows_NT
PROCESSOR_IDENTIFIER=Intel64 Family 6 Model 78 Stepping 3, GenuineIntel



---------------  S Y S T E M  ---------------

OS: Windows 10 , 64 bit Build 19041 (10.0.19041.1889)
OS uptime: 0 days 2:59 hours

CPU:total 4 (initial active 4) (2 cores per cpu, 2 threads per core) family 6 model 78 stepping 3 microcode 0xea, cmov, cx8, fxsr, mmx, sse, sse2, sse3, ssse3, sse4.1, sse4.2, popcnt, avx, avx2, aes, clmul, erms, rtm, 3dnowpref, lzcnt, ht, tsc, tscinvbit, bmi1, bmi2, adx, fma

Memory: 4k page, system-wide physical 4017M (402M free)
TotalPageFile size 10264M (AvailPageFile size 4M)
current process WorkingSet (physical memory assigned to process): 311M, peak: 315M
current process commit charge ("private bytes"): 342M, peak: 348M

vm_info: OpenJDK 64-Bit Server VM (11.0.12+7-b1504.28-7817840) for windows-amd64 JRE (11.0.12+7-b1504.28-7817840), built on Oct 13 2021 22:12:33 by "builder" with MS VC++ 14.0 (VS2015)

END.
